diff --git a/Labs/Bash01/TODO.md b/Labs/Bash01/TODO.md
index 93e4d7e..f5fe206 100644
--- a/Labs/Bash01/TODO.md
+++ b/Labs/Bash01/TODO.md
@@ -1 +1,2 @@
+#TODO This is just a test.
 Date: Jan 22-28
diff --git a/Labs/Bash02/TODO.md b/Labs/Bash02/TODO.md
index 629f310..6189283 100644
--- a/Labs/Bash02/TODO.md
+++ b/Labs/Bash02/TODO.md
@@ -1 +1,2 @@
+#TODO This is another test.
 Date: Feb 5-11
diff --git a/test.sh b/test.sh
deleted file mode 100644
index e287b09..0000000
--- a/test.sh
+++ /dev/null
@@ -1,16 +0,0 @@
-#!/bin/sh
-
-UPTREAM=${1:-'@{u}'}
-LOCAL=$(git rev-parse @{0})
-REMOTE=$(git rev-parse "$UPSTREAM")
-BASE=$(git merge-base @{0} "$UPSTREAM")
-
-if [[ $LOCAL = $REMOTE ]]; then
-    echo "Up-to-date"
-elif [[ $LOCAL = $BASE ]]; then
-    echo "Need to pull"
-elif [[ $REMOTE = $BASE ]]; then
-    echo "Need to push"
-else
-    echo "Diverged"
-fi
diff --git a/test.sh b/test.sh
deleted file mode 100644
index e287b09..0000000
--- a/test.sh
+++ /dev/null
@@ -1,16 +0,0 @@
-#!/bin/sh
-
-UPTREAM=${1:-'@{u}'}
-LOCAL=$(git rev-parse @{0})
-REMOTE=$(git rev-parse "$UPSTREAM")
-BASE=$(git merge-base @{0} "$UPSTREAM")
-
-if [[ $LOCAL = $REMOTE ]]; then
-    echo "Up-to-date"
-elif [[ $LOCAL = $BASE ]]; then
-    echo "Need to pull"
-elif [[ $REMOTE = $BASE ]]; then
-    echo "Need to push"
-else
-    echo "Diverged"
-fi
